#
# There is insufficient memory for the Java Runtime Environment to continue.
# Native memory allocation (malloc) failed to allocate 325456 bytes for Chunk::new
# Possible reasons:
#   The system is out of physical RAM or swap space
#   In 32 bit mode, the process size limit was hit
# Possible solutions:
#   Reduce memory load on the system
#   Increase physical memory or swap space
#   Check if swap backing store is full
#   Use 64 bit Java on a 64 bit OS
#   Decrease Java heap size (-Xmx/-Xms)
#   Decrease number of Java threads
#   Decrease Java thread stack sizes (-Xss)
#   Set larger code cache with -XX:ReservedCodeCacheSize=
# This output file may be truncated or incomplete.
#
#  Out of Memory Error (allocation.cpp:390), pid=6420, tid=0x00000000000019c0
#
# JRE version: OpenJDK Runtime Environment (8.0_112-b06) (build 1.8.0_112-release-b06)
# Java VM: OpenJDK 64-Bit Server VM (25.112-b06 mixed mode windows-amd64 compressed oops)
# Failed to write core dump. Minidumps are not enabled by default on client versions of Windows
#

---------------  T H R E A D  ---------------

Current thread (0x0000000014ec2800):  JavaThread "C2 CompilerThread1" daemon [_thread_in_native, id=6592, stack(0x00000000165f0000,0x00000000166f0000)]

Stack: [0x00000000165f0000,0x00000000166f0000]
[error occurred during error reporting (printing stack bounds), id 0xc0000005]

Native frames: (J=compiled Java code, j=interpreted, Vv=VM code, C=native code)


Current CompileTask:
C2:  64360 2200       4       com.android.dx.ssa.SCCP::addUsersToWorklist (103 bytes)


---------------  P R O C E S S  ---------------

Java Threads: ( => current thread )
  0x0000000016a7a000 JavaThread "pool-1-thread-4" [_thread_blocked, id=1228, stack(0x00000000171f0000,0x00000000172f0000)]
  0x0000000016b2c800 JavaThread "pool-1-thread-3" [_thread_blocked, id=7564, stack(0x00000000170f0000,0x00000000171f0000)]
  0x0000000016b22800 JavaThread "pool-1-thread-2" [_thread_blocked, id=1328, stack(0x0000000016ff0000,0x00000000170f0000)]
  0x0000000016b1d800 JavaThread "pool-2-thread-1" [_thread_blocked, id=588, stack(0x0000000016ef0000,0x0000000016ff0000)]
  0x0000000016a6f800 JavaThread "pool-1-thread-1" [_thread_blocked, id=8344, stack(0x0000000016df0000,0x0000000016ef0000)]
  0x00000000167f4800 JavaThread "Service Thread" daemon [_thread_blocked, id=7184, stack(0x0000000016bf0000,0x0000000016cf0000)]
  0x0000000014f1c000 JavaThread "C1 CompilerThread2" daemon [_thread_blocked, id=4352, stack(0x00000000166f0000,0x00000000167f0000)]
=>0x0000000014ec2800 JavaThread "C2 CompilerThread1" daemon [_thread_in_native, id=6592, stack(0x00000000165f0000,0x00000000166f0000)]
  0x0000000014ec9800 JavaThread "C2 CompilerThread0" daemon [_thread_in_native, id=9208, stack(0x00000000164f0000,0x00000000165f0000)]
  0x0000000014ec7000 JavaThread "Attach Listener" daemon [_thread_blocked, id=5496, stack(0x00000000163f0000,0x00000000164f0000)]
  0x0000000014ec6000 JavaThread "Signal Dispatcher" daemon [_thread_blocked, id=3304, stack(0x00000000162f0000,0x00000000163f0000)]
  0x00000000027eb800 JavaThread "Finalizer" daemon [_thread_blocked, id=5168, stack(0x0000000016110000,0x0000000016210000)]
  0x00000000027e0800 JavaThread "Reference Handler" daemon [_thread_blocked, id=5920, stack(0x0000000016010000,0x0000000016110000)]
  0x00000000026f0800 JavaThread "main" [_thread_in_vm, id=10632, stack(0x00000000025f0000,0x00000000026f0000)]

Other Threads:
  0x0000000014e85000 VMThread [stack: 0x0000000015f10000,0x0000000016010000] [id=6708]
  0x00000000167f6800 WatcherThread [stack: 0x0000000016cf0000,0x0000000016df0000] [id=8068]

VM state:not at safepoint (normal execution)

VM Mutex/Monitor currently owned by a thread: None

Heap:
 PSYoungGen      total 144896K, used 42645K [0x00000000eab00000, 0x00000000fa780000, 0x0000000100000000)
  eden space 124416K, 24% used [0x00000000eab00000,0x00000000ec8b44f0,0x00000000f2480000)
  from space 20480K, 59% used [0x00000000f2480000,0x00000000f3071190,0x00000000f3880000)
  to   space 29696K, 0% used [0x00000000f8a80000,0x00000000f8a80000,0x00000000fa780000)
 ParOldGen       total 44032K, used 43740K [0x00000000c0000000, 0x00000000c2b00000, 0x00000000eab00000)
  object space 44032K, 99% used [0x00000000c0000000,0x00000000c2ab70c0,0x00000000c2b00000)
 Metaspace       used 6490K, capacity 7218K, committed 7296K, reserved 1056768K
  class space    used 598K, capacity 618K, committed 640K, reserved 1048576K

Card table byte_map: [0x0000000011bb0000,0x0000000011dc0000] byte_map_base: 0x00000000115b0000

Marking Bits: (ParMarkBitMap*) 0x00000000761918f0
 Begin Bits: [0x0000000012320000, 0x0000000013320000)
 End Bits:   [0x0000000013320000, 0x0000000014320000)

Polling page: 0x0000000000be0000

CodeCache: size=245760Kb used=10894Kb max_used=10907Kb free=234865Kb
 bounds [0x00000000027f0000, 0x00000000032b0000, 0x00000000117f0000]
 total_blobs=2332 nmethods=2063 adapters=182
 compilation: enabled

Compilation events (10 events):
Event: 63.806 Thread 0x0000000014f1c000 2208       2       com.android.dx.rop.type.Type::getArrayType (50 bytes)
Event: 63.809 Thread 0x0000000014f1c000 nmethod 2208 0x0000000003273650 code [0x0000000003273800, 0x0000000003273dd8]
Event: 63.818 Thread 0x0000000014f1c000 2209   !   2       com.android.dx.cf.code.BytecodeArray::parseInstruction (2764 bytes)
Event: 63.870 Thread 0x0000000014f1c000 nmethod 2209 0x000000000328d010 code [0x000000000328df40, 0x0000000003294468]
Event: 63.881 Thread 0x0000000014f1c000 2214       2       java.util.HashMap$TreeNode::find (172 bytes)
Event: 63.884 Thread 0x0000000014f1c000 nmethod 2214 0x0000000002900cd0 code [0x0000000002900e80, 0x00000000029012b8]
Event: 63.927 Thread 0x0000000014f1c000 2217       1       java.util.HashMap::afterNodeAccess (1 bytes)
Event: 63.928 Thread 0x0000000014f1c000 nmethod 2217 0x0000000003232ed0 code [0x0000000003233020, 0x0000000003233130]
Event: 63.956 Thread 0x0000000014f1c000 2218       2       com.android.dx.ssa.DeadCodeRemover$NoSideEffectVisitor::visitMoveInsn (22 bytes)
Event: 63.957 Thread 0x0000000014f1c000 nmethod 2218 0x0000000003276510 code [0x0000000003276680, 0x0000000003276878]

GC Heap History (10 events):
Event: 41.841 GC heap before
{Heap before GC invocations=6 (full 0):
 PSYoungGen      total 35328K, used 35321K [0x00000000eab00000, 0x00000000efd00000, 0x0000000100000000)
  eden space 32768K, 100% used [0x00000000eab00000,0x00000000ecb00000,0x00000000ecb00000)
  from space 2560K, 99% used [0x00000000ecb00000,0x00000000ecd7e698,0x00000000ecd80000)
  to   space 9216K, 0% used [0x00000000ef400000,0x00000000ef400000,0x00000000efd00000)
 ParOldGen       total 44032K, used 12754K [0x00000000c0000000, 0x00000000c2b00000, 0x00000000eab00000)
  object space 44032K, 28% used [0x00000000c0000000,0x00000000c0c74968,0x00000000c2b00000)
 Metaspace       used 6231K, capacity 7152K, committed 7296K, reserved 1056768K
  class space    used 580K, capacity 616K, committed 640K, reserved 1048576K
Event: 42.090 GC heap after
Heap after GC invocations=6 (full 0):
 PSYoungGen      total 73728K, used 7945K [0x00000000eab00000, 0x00000000eff00000, 0x0000000100000000)
  eden space 64512K, 0% used [0x00000000eab00000,0x00000000eab00000,0x00000000eea00000)
  from space 9216K, 86% used [0x00000000ef400000,0x00000000efbc26a8,0x00000000efd00000)
  to   space 10240K, 0% used [0x00000000eea00000,0x00000000eea00000,0x00000000ef400000)
 ParOldGen       total 44032K, used 12754K [0x00000000c0000000, 0x00000000c2b00000, 0x00000000eab00000)
  object space 44032K, 28% used [0x00000000c0000000,0x00000000c0c74968,0x00000000c2b00000)
 Metaspace       used 6231K, capacity 7152K, committed 7296K, reserved 1056768K
  class space    used 580K, capacity 616K, committed 640K, reserved 1048576K
}
Event: 47.551 GC heap before
{Heap before GC invocations=7 (full 0):
 PSYoungGen      total 73728K, used 72457K [0x00000000eab00000, 0x00000000eff00000, 0x0000000100000000)
  eden space 64512K, 100% used [0x00000000eab00000,0x00000000eea00000,0x00000000eea00000)
  from space 9216K, 86% used [0x00000000ef400000,0x00000000efbc26a8,0x00000000efd00000)
  to   space 10240K, 0% used [0x00000000eea00000,0x00000000eea00000,0x00000000ef400000)
 ParOldGen       total 44032K, used 12754K [0x00000000c0000000, 0x00000000c2b00000, 0x00000000eab00000)
  object space 44032K, 28% used [0x00000000c0000000,0x00000000c0c74968,0x00000000c2b00000)
 Metaspace       used 6302K, capacity 7152K, committed 7296K, reserved 1056768K
  class space    used 580K, capacity 616K, committed 640K, reserved 1048576K
Event: 48.191 GC heap after
Heap after GC invocations=7 (full 0):
 PSYoungGen      total 74752K, used 10218K [0x00000000eab00000, 0x00000000f4800000, 0x0000000100000000)
  eden space 64512K, 0% used [0x00000000eab00000,0x00000000eab00000,0x00000000eea00000)
  from space 10240K, 99% used [0x00000000eea00000,0x00000000ef3fa9b8,0x00000000ef400000)
  to   space 15872K, 0% used [0x00000000f3880000,0x00000000f3880000,0x00000000f4800000)
 ParOldGen       total 44032K, used 20437K [0x00000000c0000000, 0x00000000c2b00000, 0x00000000eab00000)
  object space 44032K, 46% used [0x00000000c0000000,0x00000000c13f5608,0x00000000c2b00000)
 Metaspace       used 6302K, capacity 7152K, committed 7296K, reserved 1056768K
  class space    used 580K, capacity 616K, committed 640K, reserved 1048576K
}
Event: 50.587 GC heap before
{Heap before GC invocations=8 (full 0):
 PSYoungGen      total 74752K, used 74730K [0x00000000eab00000, 0x00000000f4800000, 0x0000000100000000)
  eden space 64512K, 100% used [0x00000000eab00000,0x00000000eea00000,0x00000000eea00000)
  from space 10240K, 99% used [0x00000000eea00000,0x00000000ef3fa9b8,0x00000000ef400000)
  to   space 15872K, 0% used [0x00000000f3880000,0x00000000f3880000,0x00000000f4800000)
 ParOldGen       total 44032K, used 20437K [0x00000000c0000000, 0x00000000c2b00000, 0x00000000eab00000)
  object space 44032K, 46% used [0x00000000c0000000,0x00000000c13f5608,0x00000000c2b00000)
 Metaspace       used 6355K, capacity 7216K, committed 7296K, reserved 1056768K
  class space    used 580K, capacity 616K, committed 640K, reserved 1048576K
Event: 50.792 GC heap after
Heap after GC invocations=8 (full 0):
 PSYoungGen      total 140288K, used 15858K [0x00000000eab00000, 0x00000000f5100000, 0x0000000100000000)
  eden space 124416K, 0% used [0x00000000eab00000,0x00000000eab00000,0x00000000f2480000)
  from space 15872K, 99% used [0x00000000f3880000,0x00000000f47fcbd0,0x00000000f4800000)
  to   space 20480K, 0% used [0x00000000f2480000,0x00000000f2480000,0x00000000f3880000)
 ParOldGen       total 44032K, used 25132K [0x00000000c0000000, 0x00000000c2b00000, 0x00000000eab00000)
  object space 44032K, 57% used [0x00000000c0000000,0x00000000c188b3d0,0x00000000c2b00000)
 Metaspace       used 6355K, capacity 7216K, committed 7296K, reserved 1056768K
  class space    used 580K, capacity 616K, committed 640K, reserved 1048576K
}
Event: 55.982 GC heap before
{Heap before GC invocations=9 (full 0):
 PSYoungGen      total 140288K, used 140274K [0x00000000eab00000, 0x00000000f5100000, 0x0000000100000000)
  eden space 124416K, 100% used [0x00000000eab00000,0x00000000f2480000,0x00000000f2480000)
  from space 15872K, 99% used [0x00000000f3880000,0x00000000f47fcbd0,0x00000000f4800000)
  to   space 20480K, 0% used [0x00000000f2480000,0x00000000f2480000,0x00000000f3880000)
 ParOldGen       total 44032K, used 25132K [0x00000000c0000000, 0x00000000c2b00000, 0x00000000eab00000)
  object space 44032K, 57% used [0x00000000c0000000,0x00000000c188b3d0,0x00000000c2b00000)
 Metaspace       used 6485K, capacity 7218K, committed 7296K, reserved 1056768K
  class space    used 598K, capacity 618K, committed 640K, reserved 1048576K
Event: 56.914 GC heap after
Heap after GC invocations=9 (full 0):
 PSYoungGen      total 144896K, used 20448K [0x00000000eab00000, 0x00000000fa780000, 0x0000000100000000)
  eden space 124416K, 0% used [0x00000000eab00000,0x00000000eab00000,0x00000000f2480000)
  from space 20480K, 99% used [0x00000000f2480000,0x00000000f38780e0,0x00000000f3880000)
  to   space 29696K, 0% used [0x00000000f8a80000,0x00000000f8a80000,0x00000000fa780000)
 ParOldGen       total 44032K, used 39084K [0x00000000c0000000, 0x00000000c2b00000, 0x00000000eab00000)
  object space 44032K, 88% used [0x00000000c0000000,0x00000000c262b1f0,0x00000000c2b00000)
 Metaspace       used 6485K, capacity 7218K, committed 7296K, reserved 1056768K
  class space    used 598K, capacity 618K, committed 640K, reserved 1048576K
}
Event: 56.914 GC heap before
{Heap before GC invocations=10 (full 1):
 PSYoungGen      total 144896K, used 20448K [0x00000000eab00000, 0x00000000fa780000, 0x0000000100000000)
  eden space 124416K, 0% used [0x00000000eab00000,0x00000000eab00000,0x00000000f2480000)
  from space 20480K, 99% used [0x00000000f2480000,0x00000000f38780e0,0x00000000f3880000)
  to   space 29696K, 0% used [0x00000000f8a80000,0x00000000f8a80000,0x00000000fa780000)
 ParOldGen       total 44032K, used 39084K [0x00000000c0000000, 0x00000000c2b00000, 0x00000000eab00000)
  object space 44032K, 88% used [0x00000000c0000000,0x00000000c262b1f0,0x00000000c2b00000)
 Metaspace       used 6485K, capacity 7218K, committed 7296K, reserved 1056768K
  class space    used 598K, capacity 618K, committed 640K, reserved 1048576K
Event: 63.772 GC heap after
Heap after GC invocations=10 (full 1):
 PSYoungGen      total 144896K, used 12228K [0x00000000eab00000, 0x00000000fa780000, 0x0000000100000000)
  eden space 124416K, 0% used [0x00000000eab00000,0x00000000eab00000,0x00000000f2480000)
  from space 20480K, 59% used [0x00000000f2480000,0x00000000f3071190,0x00000000f3880000)
  to   space 29696K, 0% used [0x00000000f8a80000,0x00000000f8a80000,0x00000000fa780000)
 ParOldGen       total 44032K, used 43740K [0x00000000c0000000, 0x00000000c2b00000, 0x00000000eab00000)
  object space 44032K, 99% used [0x00000000c0000000,0x00000000c2ab70c0,0x00000000c2b00000)
 Metaspace       used 6485K, capacity 7218K, committed 7296K, reserved 1056768K
  class space    used 598K, capacity 618K, committed 640K, reserved 1048576K
}

Deoptimization events (10 events):
Event: 53.125 Thread 0x00000000026f0800 Uncommon trap: reason=bimorphic action=maybe_recompile pc=0x0000000003217810 method=com.android.dx.cf.code.BytecodeArray.parseInstruction(ILcom/android/dx/cf/code/BytecodeArray$Visitor;)I @ 987
Event: 53.125 Thread 0x00000000026f0800 Uncommon trap: reason=bimorphic action=maybe_recompile pc=0x0000000003217b64 method=com.android.dx.cf.code.BytecodeArray.parseInstruction(ILcom/android/dx/cf/code/BytecodeArray$Visitor;)I @ 1130
Event: 53.125 Thread 0x00000000026f0800 Uncommon trap: reason=bimorphic action=maybe_recompile pc=0x0000000003217b64 method=com.android.dx.cf.code.BytecodeArray.parseInstruction(ILcom/android/dx/cf/code/BytecodeArray$Visitor;)I @ 1130
Event: 54.596 Thread 0x0000000016b22800 Uncommon trap: reason=unstable_if action=reinterpret pc=0x0000000002b6c32c method=java.util.HashMap.putVal(ILjava/lang/Object;Ljava/lang/Object;ZZ)Ljava/lang/Object; @ 162
Event: 55.035 Thread 0x0000000016b22800 Uncommon trap: reason=unstable_if action=reinterpret pc=0x0000000002ec2118 method=java.util.HashMap.getNode(ILjava/lang/Object;)Ljava/util/HashMap$Node; @ 84
Event: 55.485 Thread 0x0000000016b22800 Uncommon trap: reason=unstable_if action=reinterpret pc=0x00000000030cc27c method=java.util.HashMap.putVal(ILjava/lang/Object;Ljava/lang/Object;ZZ)Ljava/lang/Object; @ 162
Event: 55.971 Thread 0x0000000016b2c800 Uncommon trap: reason=class_check action=maybe_recompile pc=0x000000000327a964 method=com.android.dx.cf.code.BytecodeArray.parseInstruction(ILcom/android/dx/cf/code/BytecodeArray$Visitor;)I @ 971
Event: 55.972 Thread 0x0000000016b2c800 Uncommon trap: reason=class_check action=maybe_recompile pc=0x000000000327a964 method=com.android.dx.cf.code.BytecodeArray.parseInstruction(ILcom/android/dx/cf/code/BytecodeArray$Visitor;)I @ 971
Event: 63.815 Thread 0x0000000016a6f800 Uncommon trap: reason=bimorphic action=maybe_recompile pc=0x000000000327ae2c method=com.android.dx.cf.code.BytecodeArray.parseInstruction(ILcom/android/dx/cf/code/BytecodeArray$Visitor;)I @ 1287
Event: 63.816 Thread 0x0000000016a6f800 Uncommon trap: reason=bimorphic action=maybe_recompile pc=0x000000000327ae2c method=com.android.dx.cf.code.BytecodeArray.parseInstruction(ILcom/android/dx/cf/code/BytecodeArray$Visitor;)I @ 1287

Internal exceptions (7 events):
Event: 0.386 Thread 0x00000000026f0800 Exception <a 'java/lang/NoSuchMethodError': Method sun.misc.Unsafe.defineClass(Ljava/lang/String;[BII)Ljava/lang/Class; name or signature does not match> (0x00000000eab07c78) thrown at [C:\src\android\AOSP-openjdk\external\jetbrains\jdk\hotspot\src\share\vYï<êÉ¾Ø?
Event: 0.387 Thread 0x00000000026f0800 Exception <a 'java/lang/NoSuchMethodError': Method sun.misc.Unsafe.prefetchRead(Ljava/lang/Object;J)V name or signature does not match> (0x00000000eab07f60) thrown at [C:\src\android\AOSP-openjdk\external\jetbrains\jdk\hotspot\src\share\vm\prims\jni.cpp, l‚XlŽ@@
Event: 33.113 Thread 0x0000000016b22800 Implicit null exception at 0x0000000002f2088d to 0x0000000002f24275
Event: 44.674 Thread 0x00000000026f0800 Implicit null exception at 0x0000000002dadf5b to 0x0000000002daf619
Event: 55.022 Thread 0x0000000016b22800 Exception <a 'java/lang/ArrayIndexOutOfBoundsException': 18> (0x00000000f140e788) thrown at [C:\src\android\AOSP-openjdk\external\jetbrains\jdk\hotspot\src\share\vm\interpreter\interpreterRuntime.cpp, line 366]
Event: 55.025 Thread 0x0000000016b22800 Exception <a 'java/lang/ArrayIndexOutOfBoundsException'> (0x00000000f1410308) thrown at [C:\src\android\AOSP-openjdk\external\jetbrains\jdk\hotspot\src\share\vm\runtime\sharedRuntime.cpp, line 605]
Event: 55.031 Thread 0x0000000016b22800 Exception <a 'java/lang/ArrayIndexOutOfBoundsException'> (0x00000000f14115f0) thrown at [C:\src\android\AOSP-openjdk\external\jetbrains\jdk\hotspot\src\share\vm\runtime\sharedRuntime.cpp, line 605]

Events (10 events):
Event: 63.884 Thread 0x0000000014f1c000 flushing nmethod 0x0000000002972e50
Event: 63.884 Thread 0x0000000014f1c000 flushing nmethod 0x0000000002978950
Event: 63.925 Thread 0x00000000026f0800 DEOPT PACKING pc=0x00000000030b204b sp=0x00000000026ee1e0
Event: 63.925 Thread 0x00000000026f0800 DEOPT UNPACKING pc=0x00000000028375bf sp=0x00000000026edf70 mode 0
Event: 63.928 Thread 0x0000000014f1c000 flushing nmethod 0x000000000299a9d0
Event: 63.928 Thread 0x0000000014f1c000 flushing nmethod 0x000000000299c350
Event: 63.928 Thread 0x0000000014f1c000 flushing nmethod 0x00000000029b0ed0
Event: 63.928 Thread 0x0000000014f1c000 flushing nmethod 0x00000000029c77d0
Event: 63.928 Thread 0x0000000014f1c000 flushing nmethod 0x00000000029d4f50
Event: 63.958 Thread 0x0000000014f1c000 flushing nmethod 0x00000000029f3410


Dynamic libraries:
0x00007ff7806d0000 - 0x00007ff780701000 	C:\Program Files\Android\Android Studio\jre\bin\java.exe
0x00007ffc42360000 - 0x00007ffc4250d000 	C:\WINDOWS\SYSTEM32\ntdll.dll
0x00007ffc3fd30000 - 0x00007ffc3fe6e000 	C:\WINDOWS\system32\KERNEL32.DLL
0x00007ffc21180000 - 0x00007ffc211b3000 	C:\Program Files (x86)\AVG\Antivirus\x64\aswhooka.dll
0x00007ffc3f6f0000 - 0x00007ffc3f805000 	C:\WINDOWS\system32\KERNELBASE.dll
0x00007ffc3fbd0000 - 0x00007ffc3fc7a000 	C:\WINDOWS\system32\ADVAPI32.dll
0x00007ffc418d0000 - 0x00007ffc41a47000 	C:\WINDOWS\system32\USER32.dll
0x00007ffc3cf40000 - 0x00007ffc3d1bb000 	C:\WINDOWS\WinSxS\amd64_microsoft.windows.common-controls_6595b64144ccf1df_6.0.9600.18006_none_623f33d3ecbe86e8\COMCTL32.dll
0x00007ffc41fb0000 - 0x00007ffc4205a000 	C:\WINDOWS\system32\msvcrt.dll
0x00007ffc401f0000 - 0x00007ffc40249000 	C:\WINDOWS\SYSTEM32\sechost.dll
0x00007ffc41e10000 - 0x00007ffc41f50000 	C:\WINDOWS\system32\RPCRT4.dll
0x00007ffc40250000 - 0x00007ffc4039b000 	C:\WINDOWS\system32\GDI32.dll
0x00007ffc3f610000 - 0x00007ffc3f63e000 	C:\WINDOWS\system32\SspiCli.dll
0x00007ffc3fc90000 - 0x00007ffc3fcc6000 	C:\WINDOWS\system32\IMM32.DLL
0x00007ffc3ff60000 - 0x00007ffc400b2000 	C:\WINDOWS\system32\MSCTF.dll
0x0000000051020000 - 0x00000000510f2000 	C:\Program Files\Android\Android Studio\jre\jre\bin\msvcr100.dll
0x00000000759d0000 - 0x000000007620c000 	C:\Program Files\Android\Android Studio\jre\jre\bin\server\jvm.dll
0x00007ffc3b090000 - 0x00007ffc3b099000 	C:\WINDOWS\SYSTEM32\WSOCK32.dll
0x00007ffc32c30000 - 0x00007ffc32c52000 	C:\WINDOWS\SYSTEM32\WINMM.dll
0x00007ffc378a0000 - 0x00007ffc378aa000 	C:\WINDOWS\SYSTEM32\VERSION.dll
0x00007ffc40120000 - 0x00007ffc40127000 	C:\WINDOWS\system32\PSAPI.DLL
0x00007ffc400c0000 - 0x00007ffc4011a000 	C:\WINDOWS\system32\WS2_32.dll
0x00007ffc32c00000 - 0x00007ffc32c2a000 	C:\WINDOWS\SYSTEM32\WINMMBASE.dll
0x00007ffc422e0000 - 0x00007ffc422e9000 	C:\WINDOWS\system32\NSI.dll
0x00007ffc3f640000 - 0x00007ffc3f68f000 	C:\WINDOWS\SYSTEM32\cfgmgr32.dll
0x00007ffc3e170000 - 0x00007ffc3e198000 	C:\WINDOWS\SYSTEM32\DEVOBJ.dll
0x00007ffc3d5e0000 - 0x00007ffc3d5ef000 	C:\Program Files\Android\Android Studio\jre\jre\bin\verify.dll
0x00007ffc393b0000 - 0x00007ffc393d9000 	C:\Program Files\Android\Android Studio\jre\jre\bin\java.dll
0x00007ffc3a3f0000 - 0x00007ffc3a406000 	C:\Program Files\Android\Android Studio\jre\jre\bin\zip.dll
0x00007ffc403a0000 - 0x00007ffc418c9000 	C:\WINDOWS\system32\SHELL32.dll
0x00007ffc41a50000 - 0x00007ffc41c62000 	C:\WINDOWS\SYSTEM32\combase.dll
0x00007ffc3fcd0000 - 0x00007ffc3fd24000 	C:\WINDOWS\system32\SHLWAPI.dll
0x00007ffc3da20000 - 0x00007ffc3dad2000 	C:\WINDOWS\SYSTEM32\SHCORE.dll
0x00007ffc3f490000 - 0x00007ffc3f4a5000 	C:\WINDOWS\SYSTEM32\profapi.dll

VM Arguments:
jvm_args: -Djava.awt.headless=true -Xmx1024M -Dfile.encoding=windows-1252 -Duser.country=ZA -Duser.language=en -Duser.variant 
java_command: com.android.dx.command.Main --dex --num-threads=4 --output C:\Users\qaasiem\Downloads\computerStoreApp-master\app\build\intermediates\pre-dexed\debug\classes_f3fd66f156f32ca9f5f9ca717fce63630d92a975.jar C:\Users\qaasiem\.android\build-cache\f445bad079b1e022de450ded743669c265ddbd54\output\jars\classes.jar
java_class_path (initial): C:\Users\qaasiem\AppData\Local\Android\sdk\build-tools\25.0.0\lib\dx.jar
Launcher Type: SUN_STANDARD

Environment Variables:
PATH=C:\oraclexe\app\oracle\product\11.2.0\server\bin;C:\ProgramData\Oracle\Java\javapath;C:\Program Files (x86)\Intel\iCLS Client\;C:\Program Files\Intel\iCLS Client\;C:\WINDOWS\system32;C:\WINDOWS;C:\WINDOWS\System32\Wbem;C:\WINDOWS\System32\WindowsPowerShell\v1.0\;C:\Program Files (x86)\Windows Live\Shared;C:\Program Files\Intel\Intel(R) Management Engine Components\DAL;C:\Program Files\Intel\Intel(R) Management Engine Components\IPT;C:\Program Files (x86)\Intel\Intel(R) Management Engine Components\DAL;C:\Program Files (x86)\Intel\Intel(R) Management Engine Components\IPT;C:\Program Files (x86)\Intel\OpenCL SDK\2.0\bin\x86;C:\Program Files (x86)\Intel\OpenCL SDK\2.0\bin\x64;C:\Program Files\Diskeeper Corporation\ExpressCache\;C:\Program Files (x86)\Microsoft SQL Server\100\Tools\Binn\;C:\Program Files\Microsoft SQL Server\100\Tools\Binn\;C:\Program Files\Microsoft SQL Server\100\DTS\Binn\;C:\Program Files (x86)\QuickTime\QTSystem\;C:\Program Files\Git\cmd
USERNAME=qaasiem
OS=Windows_NT
PROCESSOR_IDENTIFIER=Intel64 Family 6 Model 58 Stepping 9, GenuineIntel



---------------  S Y S T E M  ---------------

OS: Windows 8.1 , 64 bit Build 9600 (6.3.9600.17415)

CPU:total 4 (2 cores per cpu, 2 threads per core) family 6 model 58 stepping 9, cmov, cx8, fxsr, mmx, sse, sse2, sse3, ssse3, sse4.1, sse4.2, popcnt, avx, aes, clmul, erms, ht, tsc, tscinvbit, tscinv

Memory: 4k page, physical 4077260k(281864k free), swap 9317648k(158828k free)

vm_info: OpenJDK 64-Bit Server VM (25.112-b06) for windows-amd64 JRE (1.8.0_112-release-b06), built on Dec  8 2016 00:54:26 by "builder" with MS VC++ 10.0 (VS2010)

time: Sun Oct 15 21:44:30 2017
elapsed time: 64 seconds (0d 0h 1m 4s)

